0 info it worked if it ends with ok
1 verbose cli [ '/usr/local/bin/node', '/usr/local/bin/npm', 'run', 'package' ]
2 info using npm@4.0.2
3 info using node@v6.1.0
4 verbose run-script [ 'prepackage', 'package', 'postpackage' ]
5 info lifecycle videobrowser@1.0.0~prepackage: videobrowser@1.0.0
6 silly lifecycle videobrowser@1.0.0~prepackage: no script for prepackage, continuing
7 info lifecycle videobrowser@1.0.0~package: videobrowser@1.0.0
8 verbose lifecycle videobrowser@1.0.0~package: unsafe-perm in lifecycle true
9 verbose lifecycle videobrowser@1.0.0~package: PATH: /usr/local/lib/node_modules/npm/bin/node-gyp-bin:/Users/myztiq/Projects/videobrowser/node_modules/.bin:/Users/myztiq/.rvm/gems/ruby-2.1.5/bin:/Users/myztiq/.rvm/gems/ruby-2.1.5@global/bin:/Users/myztiq/.rvm/rubies/ruby-2.1.5/bin:/usr/local/heroku/bin:/usr/local/bin:/usr/bin:/bin:/usr/sbin:/sbin:/opt/X11/bin:/usr/bin:/bin:/usr/sbin:/sbin:/usr/local/bin:/Users/myztiq/.rvm/bin
10 verbose lifecycle videobrowser@1.0.0~package: CWD: /Users/myztiq/Projects/videobrowser
11 silly lifecycle videobrowser@1.0.0~package: Args: [ '-c', 'electron-packager . --platform win32' ]
12 silly lifecycle videobrowser@1.0.0~package: Returned: code: 1  signal: null
13 info lifecycle videobrowser@1.0.0~package: Failed to exec package script
14 verbose stack Error: videobrowser@1.0.0 package: `electron-packager . --platform win32`
14 verbose stack Exit status 1
14 verbose stack     at EventEmitter.<anonymous> (/usr/local/lib/node_modules/npm/lib/utils/lifecycle.js:279:16)
14 verbose stack     at emitTwo (events.js:106:13)
14 verbose stack     at EventEmitter.emit (events.js:191:7)
14 verbose stack     at ChildProcess.<anonymous> (/usr/local/lib/node_modules/npm/lib/utils/spawn.js:40:14)
14 verbose stack     at emitTwo (events.js:106:13)
14 verbose stack     at ChildProcess.emit (events.js:191:7)
14 verbose stack     at maybeClose (internal/child_process.js:850:16)
14 verbose stack     at Process.ChildProcess._handle.onexit (internal/child_process.js:215:5)
15 verbose pkgid videobrowser@1.0.0
16 verbose cwd /Users/myztiq/Projects/videobrowser
17 error Darwin 16.3.0
18 error argv "/usr/local/bin/node" "/usr/local/bin/npm" "run" "package"
19 error node v6.1.0
20 error npm  v4.0.2
21 error code ELIFECYCLE
22 error videobrowser@1.0.0 package: `electron-packager . --platform win32`
22 error Exit status 1
23 error Failed at the videobrowser@1.0.0 package script 'electron-packager . --platform win32'.
23 error Make sure you have the latest version of node.js and npm installed.
23 error If you do, this is most likely a problem with the videobrowser package,
23 error not with npm itself.
23 error Tell the author that this fails on your system:
23 error     electron-packager . --platform win32
23 error You can get information on how to open an issue for this project with:
23 error     npm bugs videobrowser
23 error Or if that isn't available, you can get their info via:
23 error     npm owner ls videobrowser
23 error There is likely additional logging output above.
24 verbose exit [ 1, true ]
